Magisk Module: Systemless Debloater v1.5.0 log file.
Copyright (c) zgfg @ xda, 2020-
Installation time: Sun Feb 19 10:41:03 2023

Android 12 SAR
ae34659b2-ip:MAGISK:D (25206)

 ! No configuration file found.
  Please add a configuration file and try again.
 Example configuration file saved as :
  /storage/emulated/0/Download/sDebloater_example

 This module will not be installed.

System (preinstalled) apps.
/apex/com.android.apex.cts.shim/app/CtsShim/CtsShim.apk=com.android.cts.ctsshim
/apex/com.android.apex.cts.shim/priv-app/CtsShimPriv/CtsShimPriv.apk=com.android.cts.priv.ctsshim
/apex/com.android.cellbroadcast/priv-app/GoogleCellBroadcastApp/GoogleCellBroadcastApp.apk=com.google.android.cellbroadcastreceiver
/apex/com.android.cellbroadcast/priv-app/GoogleCellBroadcastServiceModule/GoogleCellBroadcastServiceModule.apk=com.google.android.cellbroadcastservice
/apex/com.android.extservices/priv-app/GoogleExtServices/GoogleExtServices.apk=com.google.android.ext.services
/apex/com.android.mediaprovider/priv-app/MediaProviderGoogle/MediaProviderGoogle.apk=com.google.android.providers.media.module
/apex/com.android.permission/priv-app/GooglePermissionController/GooglePermissionController.apk=com.google.android.permissioncontroller
/apex/com.android.tethering/priv-app/ServiceConnectivityResourcesGoogle/ServiceConnectivityResourcesGoogle.apk=com.google.android.connectivity.resources
/apex/com.android.tethering/priv-app/TetheringGoogle/TetheringGoogle.apk=com.google.android.networkstack.tethering
/apex/com.android.wifi/app/OsuLogin/OsuLogin.apk=com.android.hotspot2.osulogin
/apex/com.android.wifi/priv-app/ServiceWifiResources/ServiceWifiResources.apk=com.android.wifi.resources
/product/app/Chrome/Chrome.apk=com.android.chrome
/product/app/DeviceStatisticsService/DeviceStatisticsService.apk=com.qualcomm.qti.devicestatisticsservice
/product/app/Gmail2/Gmail2.apk=com.google.android.gm
/product/app/GoogleContactsSyncAdapter/GoogleContactsSyncAdapter.apk=com.google.android.syncadapters.contacts
/product/app/GoogleLocationHistory/GoogleLocationHistory.apk=com.google.android.gms.location.history
/product/app/MiuiTelecomOverlay/MiuiTelecomOverlay.apk=com.android.server.telecom.overlay.miui
/product/app/PhotoTable/PhotoTable.apk=com.android.dreams.phototable
/product/app/PowerOffAlarm/PowerOffAlarm.apk=com.qualcomm.qti.poweroffalarm
/product/app/RideModeAudio/RideModeAudio.apk=com.qualcomm.qti.ridemodeaudio
/product/app/WebViewGoogle/WebViewGoogle.apk=com.google.android.webview
/product/app/YouTube/YouTube.apk=com.google.android.youtube
/product/app/com.google.android.modulemetadata/com.google.android.modulemetadata.apk=com.google.android.modulemetadata
/product/app/com.google.mainline.telemetry/com.google.mainline.telemetry.apk=com.google.mainline.telemetry
/product/app/remoteSimLockAuthentication/remoteSimLockAuthentication.apk=com.qualcomm.qti.remoteSimlockAuth
/product/app/remotesimlockservice/remotesimlockservice.apk=com.qualcomm.qti.uim
/product/app/uimgbaservice/uimgbaservice.apk=com.qualcomm.qti.uimGbaApp
/product/app/uimlpaservice/uimlpaservice.apk=com.qualcomm.qti.lpa
/product/app/uimremoteclient/uimremoteclient.apk=com.qualcomm.uimremoteclient
/product/app/uimremoteserver/uimremoteserver.apk=com.qualcomm.uimremoteserver
/product/app/xdivert/xdivert.apk=com.qti.xdivert
/product/priv-app/AndroidAutoStub/AndroidAutoStub.apk=com.google.android.projection.gearhead
/product/priv-app/ConfigUpdater/ConfigUpdater.apk=com.google.android.configupdater
/product/priv-app/GoogleOneTimeInitializer/GoogleOneTimeInitializer.apk=com.google.android.onetimeinitializer
/product/priv-app/GooglePartnerSetup/GooglePartnerSetup.apk=com.google.android.partnersetup
/product/priv-app/HotwordEnrollmentOKGoogleHEXAGON/HotwordEnrollmentOKGoogleHEXAGON.apk=com.android.hotwordenrollment.okgoogle
/product/priv-app/HotwordEnrollmentXGoogleHEXAGON/HotwordEnrollmentXGoogleHEXAGON.apk=com.android.hotwordenrollment.xgoogle
/product/priv-app/SettingsIntelligence/SettingsIntelligence.apk=com.android.settings.intelligence
/product/priv-app/Turbo/Turbo.apk=com.google.android.apps.turbo
/product/priv-app/Velvet/Velvet.apk=com.google.android.googlequicksearchbox
/system/app/BasicDreams/BasicDreams.apk=com.android.dreams.basic
/system/app/Bluetooth/Bluetooth.apk=com.android.bluetooth
/system/app/BluetoothMidiService/BluetoothMidiService.apk=com.android.bluetoothmidiservice
/system/app/BookmarkProvider/BookmarkProvider.apk=com.android.bookmarkprovider
/system/app/CameraExtensionsProxy/CameraExtensionsProxy.apk=com.android.cameraextensions
/system/app/CameraTools/CameraTools.apk=com.xiaomi.cameratools
/system/app/CaptivePortalLoginGoogle/CaptivePortalLoginGoogle.apk=com.google.android.captiveportallogin
/system/app/CarrierDefaultApp/CarrierDefaultApp.apk=com.android.carrierdefaultapp
/system/app/CatchLog/CatchLog.apk=com.bsp.catchlog
/system/app/CertInstaller/CertInstaller.apk=com.android.certinstaller
/system/app/Cit/Cit.apk=com.miui.cit
/system/app/CompanionDeviceManager/CompanionDeviceManager.apk=com.android.companiondevicemanager
/system/app/EasterEgg/EasterEgg.apk=com.android.egg
/system/app/Emapal/Emapal.apk=com.mi.emapal
/system/app/FidoAuthen/FidoAuthen.apk=com.fido.asm
/system/app/FidoClient/FidoClient.apk=com.fido.xiaomi.uafclient
/system/app/GoogleExtShared/GoogleExtShared.apk=com.google.android.ext.shared
/system/app/GooglePrintRecommendationService/GooglePrintRecommendationService.apk=com.google.android.printservice.recommendation
/system/app/HTMLViewer/HTMLViewer.apk=com.android.htmlviewer
/system/app/HybridAccessory/HybridAccessory.apk=com.miui.hybrid.accessory
/system/app/HybridPlatform/HybridPlatform.apk=com.miui.hybrid
/system/app/InMipay/InMipay.apk=com.mipay.wallet.in
/system/app/Joyose/Joyose.apk=com.xiaomi.joyose
/system/app/KeyChain/KeyChain.apk=com.android.keychain
/system/app/LiveWallpapersPicker/LiveWallpapersPicker.apk=com.android.wallpaper.livepicker
/system/app/MIUICalculatorGlobal/MIUICalculatorGlobal.apk=com.miui.calculator
/system/app/MIUICompassGlobal/MIUICompassGlobal.apk=com.miui.compass
/system/app/MIUIFrequentPhrase/MIUIFrequentPhrase.apk=com.miui.phrase
/system/app/MIUIGlobalLayout/MIUIGlobalLayout.apk=com.mi.globallayout
/system/app/MIUIGlobalPackageInstaller/MIUIGlobalPackageInstaller.apk=com.miui.global.packageinstaller
/system/app/MIUIGuardProviderGlobal/MIUIGuardProviderGlobal.apk=com.miui.guardprovider
/system/app/MIUIHealthGlobal/MIUIHealthGlobal.apk=com.mi.healthglobal
/system/app/MIUIMiPicks/MIUIMiPicks.apk=com.xiaomi.mipicks
/system/app/MIUIScreenRecorderGlobal/MIUIScreenRecorderGlobal.apk=com.miui.screenrecorder
/system/app/MIUIScreenshot/MIUIScreenshot.apk=com.miui.screenshot
/system/app/MIUISystemUIPlugin/MIUISystemUIPlugin.apk=miui.systemui.plugin
/system/app/MIUITouchAssistantGlobal/MIUITouchAssistantGlobal.apk=com.miui.touchassistant
/system/app/MIUIVideoPlayer/MIUIVideoPlayer.apk=com.miui.videoplayer
/system/app/MIUIWallpaper_SnowMountain/MIUIWallpaper_SnowMountain.apk=com.miui.miwallpaper
/system/app/MSA-Global/MSA-Global.apk=com.miui.msa.global
/system/app/MediaFeature/MediaFeature.apk=com.miui.mediafeature
/system/app/MiCloudSync/MiCloudSync.apk=com.miui.micloudsync
/system/app/MiConnectService171/MiConnectService171.apk=com.xiaomi.mi_connect_service
/system/app/MiSound/MiSound.apk=com.miui.misound
/system/app/MiuiAudioMonitor/MiuiAudioMonitor.apk=com.miui.audiomonitor
/system/app/MiuiBiometric/MiuiBiometric.apk=com.miui.face
/system/app/MiuiBluetooth/MiuiBluetooth.apk=com.xiaomi.bluetooth
/system/app/MiuiBugReport/MiuiBugReport.apk=com.miui.bugreport
/system/app/MiuiDaemon/MiuiDaemon.apk=com.miui.daemon
/system/app/MiuiPrintSpoolerBeta/MiuiPrintSpoolerBeta.apk=com.android.printspooler
/system/app/MiuiScanner/MiuiScanner.apk=com.xiaomi.scanner
/system/app/MiuixEditor_global/MiuixEditor_global.apk=com.miuix.editor
/system/app/ModemTestBox/ModemTestBox.apk=com.xiaomi.mtb
/system/app/NQNfcNci/NQNfcNci.apk=com.android.nfc
/system/app/Netflix_activation/Netflix_activation.apk=com.netflix.partner.activation
/system/app/NotificationCenter/NotificationCenter.apk=com.miui.notification
/system/app/PacProcessor/PacProcessor.apk=com.android.pacprocessor
/system/app/PartnerBookmarksProvider/PartnerBookmarksProvider.apk=com.android.providers.partnerbookmarks
/system/app/PaymentService/PaymentService.apk=com.xiaomi.payment
/system/app/PowerChecker/PowerChecker.apk=com.xiaomi.powerchecker
/system/app/PowerKeeper/PowerKeeper.apk=com.miui.powerkeeper
/system/app/SecureElement/SecureElement.apk=com.android.se
/system/app/SecurityCoreAdd/SecurityCoreAdd.apk=com.miui.securitycore
/system/app/SimAppDialog/SimAppDialog.apk=com.android.simappdialog
/system/app/Stk/Stk.apk=com.android.stk
/system/app/Updater/Updater.apk=com.android.updater
/system/app/WMService/WMService.apk=com.miui.wmsvc
/system/app/WallpaperBackup/WallpaperBackup.apk=com.android.wallpaperbackup
/system/app/XMSFKeeperAll/XMSFKeeperAll.apk=com.xiaomi.xmsfkeeper
/system/app/XiaomiModemDebugService/XiaomiModemDebugService.apk=com.modemdebug
/system/app/XiaomiSimActivateService/XiaomiSimActivateService.apk=com.xiaomi.simactivate.service
/system/app/facebook-appmanager/facebook-appmanager.apk=com.facebook.appmanager
/system/app/miui/miui.apk=com.miui.core
/system/app/miuisystem/miuisystem.apk=com.miui.system
/system/app/slaservice/slaservice.apk=com.qti.slaservice
/system/priv-app/AuthManager/AuthManager.apk=com.lbe.security.miui
/system/priv-app/Backup/Backup.apk=com.miui.backup
/system/priv-app/BackupRestoreConfirmation/BackupRestoreConfirmation.apk=com.android.backupconfirm
/system/priv-app/BlockedNumberProvider/BlockedNumberProvider.apk=com.android.providers.blockednumber
/system/priv-app/BuiltInPrintService/BuiltInPrintService.apk=com.android.bips
/system/priv-app/CalendarProvider/CalendarProvider.apk=com.android.providers.calendar
/system/priv-app/CallLogBackup/CallLogBackup.apk=com.android.calllogbackup
/system/priv-app/CellBroadcastLegacyApp/CellBroadcastLegacyApp.apk=com.android.cellbroadcastreceiver
/system/priv-app/CloudBackup/CloudBackup.apk=com.miui.cloudbackup
/system/priv-app/CloudServiceSysbase/CloudServiceSysbase.apk=com.miui.cloudservice.sysbase
/system/priv-app/ContactsProvider/ContactsProvider.apk=com.android.providers.contacts
/system/priv-app/DocumentsUIGoogle/DocumentsUIGoogle.apk=com.google.android.documentsui
/system/priv-app/DownloadProvider/DownloadProvider.apk=com.android.providers.downloads
/system/priv-app/DynamicSystemInstallationService/DynamicSystemInstallationService.apk=com.android.dynsystem
/system/priv-app/ExternalStorageProvider/ExternalStorageProvider.apk=com.android.externalstorage
/system/priv-app/FindDevice/FindDevice.apk=com.xiaomi.finddevice
/system/priv-app/FusedLocation/FusedLocation.apk=com.android.location.fused
/system/priv-app/GooglePackageInstaller/GooglePackageInstaller.apk=com.google.android.packageinstaller
/system/priv-app/InputDevices/InputDevices.apk=com.android.inputdevices
/system/priv-app/LocalTransport/LocalTransport.apk=com.android.localtransport
/system/priv-app/MISettings/MISettings.apk=com.xiaomi.misettings
/system/priv-app/MIShareGlobal/MIShareGlobal.apk=com.miui.mishare.connectivity
/system/priv-app/MIUIAod/MIUIAod.apk=com.miui.aod
/system/priv-app/MIUIYellowPageGlobal/MIUIYellowPageGlobal.apk=com.miui.yellowpage
/system/priv-app/ManagedProvisioning/ManagedProvisioning.apk=com.android.managedprovisioning
/system/priv-app/MediaProviderLegacy/MediaProviderLegacy.apk=com.android.providers.media
/system/priv-app/MiAudioVisual_prebuild/MiAudioVisual_prebuild.apk=com.xiaomi.miaudiovisual
/system/priv-app/MiuiCamera/MiuiCamera.apk=com.android.camera
/system/priv-app/MiuiExtraPhoto/MiuiExtraPhoto.apk=com.miui.extraphoto
/system/priv-app/MiuiFreeformService/MiuiFreeformService.apk=com.miui.freeform
/system/priv-app/MmsService/MmsService.apk=com.android.mms.service
/system/priv-app/MtpService/MtpService.apk=com.android.mtp
/system/priv-app/MusicFX/MusicFX.apk=com.miui.audioeffect
/system/priv-app/NetworkPermissionConfigGoogle/NetworkPermissionConfigGoogle.apk=com.google.android.networkstack.permissionconfig
/system/priv-app/NetworkStackGoogle/NetworkStackGoogle.apk=com.google.android.networkstack
/system/priv-app/ONS/ONS.apk=com.android.ons
/system/priv-app/Provision/Provision.apk=com.android.provision
/system/priv-app/ProxyHandler/ProxyHandler.apk=com.android.proxyhandler
/system/priv-app/RtMiCloudSDK/RtMiCloudSDK.apk=com.xiaomi.micloud.sdk
/system/priv-app/SettingsProvider/SettingsProvider.apk=com.android.providers.settings
/system/priv-app/SharedStorageBackup/SharedStorageBackup.apk=com.android.sharedstoragebackup
/system/priv-app/Shell/Shell.apk=com.android.shell
/system/priv-app/SoundPicker/SoundPicker.apk=com.android.soundpicker
/system/priv-app/StatementService/StatementService.apk=com.android.statementservice
/system/priv-app/TeleService/TeleService.apk=com.android.phone
/system/priv-app/Telecom/Telecom.apk=com.android.server.telecom
/system/priv-app/TelephonyProvider/TelephonyProvider.apk=com.android.providers.telephony
/system/priv-app/Traceur/Traceur.apk=com.android.traceur
/system/priv-app/UserDictionaryProvider/UserDictionaryProvider.apk=com.android.providers.userdictionary
/system/priv-app/VpnDialogs/VpnDialogs.apk=com.android.vpndialogs
/system/priv-app/facebook-installer/facebook-installer.apk=com.facebook.system
/system/priv-app/facebook-services/facebook-services.apk=com.facebook.services
/system_ext/app/DeviceInfo/DeviceInfo.apk=com.qti.qualcomm.deviceinfo
/system_ext/app/DynamicDDSService/DynamicDDSService.apk=com.qualcomm.qti.dynamicddsservice
/system_ext/app/ImsRcsService/ImsRcsService.apk=vendor.qti.imsrcs
/system_ext/app/QTIDiagServices/QTIDiagServices.apk=com.qti.diagservices
/system_ext/app/QdcmFF/QdcmFF.apk=com.qti.snapdragon.qdcm_ff
/system_ext/app/QtiTelephony/QtiTelephony.apk=com.qti.phone
/system_ext/app/QtiTelephonyService/QtiTelephonyService.apk=com.qualcomm.qti.telephonyservice
/system_ext/app/WAPPushManager/WAPPushManager.apk=com.android.smspush
/system_ext/app/atfwd/atfwd.apk=com.qualcomm.atfwd
/system_ext/app/datastatusnotification/datastatusnotification.apk=com.qti.qualcomm.datastatusnotification
/system_ext/app/embms/embms.apk=com.qualcomm.embms
/system_ext/app/workloadclassifier/workloadclassifier.apk=com.qualcomm.qti.workloadclassifier
/system_ext/priv-app/CarrierConfig/CarrierConfig.apk=com.android.carrierconfig
/system_ext/priv-app/EmergencyInfo/EmergencyInfo.apk=com.android.emergency
/system_ext/priv-app/GoogleFeedback/GoogleFeedback.apk=com.google.android.feedback
/system_ext/priv-app/GoogleServicesFramework/GoogleServicesFramework.apk=com.google.android.gsf
/system_ext/priv-app/MiuiSystemUI/MiuiSystemUI.apk=com.android.systemui
/system_ext/priv-app/Polaris/Polaris.apk=com.xiaomi.gnss.polaris
/system_ext/priv-app/QAS_DVC_MSP/QAS_DVC_MSP.apk=com.qti.ltebc
/system_ext/priv-app/Settings/Settings.apk=com.android.settings
/system_ext/priv-app/SetupWizard/SetupWizard.apk=com.google.android.setupwizard
/system_ext/priv-app/StorageManager/StorageManager.apk=com.android.storagemanager
/system_ext/priv-app/WallpaperCropper/WallpaperCropper.apk=com.android.wallpapercropper
/system_ext/priv-app/WfdService/WfdService.apk=com.qualcomm.wfd.service
/system_ext/priv-app/beyondGnssService/beyondGnssService.apk=com.qualcomm.location
/system_ext/priv-app/dpmserviceapp/dpmserviceapp.apk=com.qti.dpmserviceapp
/system_ext/priv-app/ims/ims.apk=org.codeaurora.ims
/system_ext/priv-app/qcrilmsgtunnel/qcrilmsgtunnel.apk=com.qualcomm.qcrilmsgtunnel
/system_ext/priv-app/xrcbservice/xrcbservice.apk=com.qualcomm.qti.xrcb
/vendor/app/CACertService/CACertService.apk=vendor.qti.hardware.cacert.server
/vendor/app/CneApp/CneApp.apk=com.qualcomm.qti.cne
/vendor/app/GFDelmarSetting/GFDelmarSetting.apk=com.goodix.fingerprint.setting
/vendor/app/IFAAService/IFAAService.apk=org.ifaa.aidl.manager
/vendor/app/IWlanService/IWlanService.apk=vendor.qti.iwlan
/vendor/app/MipayService/MipayService.apk=org.mipay.android.manager
/vendor/app/SoterService/SoterService.apk=com.tencent.soter.soterserver
/vendor/app/TimeService/TimeService.apk=com.qualcomm.timeservice
/vendor/app/com.qualcomm.qti.gpudrivers.kona.api30/com.qualcomm.qti.gpudrivers.kona.api30.apk=com.qualcomm.qti.gpudrivers.kona.api30
