Magisk Module: Systemless Debloater v1.5.0 log file.
Copyright (c) zgfg @ xda, 2020-
Installation time: Sun Feb 19 10:53:39 2023

Android 12 SAR
ae34659b2-ip:MAGISK:D (25206)

Input debloat list file:
 /storage/emulated/0/Download/sDebloater-config.txt

Verbose logging: true
Multiple search/debloat: true

Input SarMountPointList=""

InvalidMountPointList="/data /framework"

Final SarMountPointList="
/apex
/product
/system
/system_ext
/vendor"

Input DebloatList="
Calculator
CalculatorGooglePrebuilt
Chrome
Chrome-Stub
YouTube
YouTubeMusicPrebuilt
ExactCalculator
"

Final DebloatList="
Calculator
CalculatorGooglePrebuilt
Chrome
Chrome-Stub
ExactCalculator
YouTube
YouTubeMusicPrebuilt"

Previously debloated Stock apps:

ServiceScript: /data/adb/modules_update/SystemlessDebloater/service.sh

Debloating:
Calculator --- app not found!
CalculatorGooglePrebuilt --- app not found!
found: /product/app/Chrome/Chrome.apk (com.android.chrome) 
Chrome-Stub --- app not found!
ExactCalculator --- app not found!
found: /product/app/YouTube/YouTube.apk (com.google.android.youtube) 
YouTubeMusicPrebuilt --- app not found!

No app for debloating found!
Before debloating the apps, from Settings/Applications, Uninstall (updates) and Clear Data for them!

DebloatedList="
Chrome
YouTube
"

REPLACE="
"

MountList="
/product/app/Chrome/Chrome.apk
/product/app/YouTube/YouTube.apk
"

Stock apps:
/apex/com.android.wifi/priv-app/ServiceWifiResources/ServiceWifiResources.apk
/apex/com.android.wifi/app/OsuLogin/OsuLogin.apk
/apex/com.android.tethering/priv-app/TetheringGoogle/TetheringGoogle.apk
/apex/com.android.tethering/priv-app/ServiceConnectivityResourcesGoogle/ServiceConnectivityResourcesGoogle.apk
/apex/com.android.wifi@319999900/priv-app/ServiceWifiResources/ServiceWifiResources.apk
/apex/com.android.wifi@319999900/app/OsuLogin/OsuLogin.apk
/apex/com.android.tethering@311314000/priv-app/TetheringGoogle/TetheringGoogle.apk
/apex/com.android.tethering@311314000/priv-app/ServiceConnectivityResourcesGoogle/ServiceConnectivityResourcesGoogle.apk
/apex/com.android.mediaprovider/priv-app/MediaProviderGoogle/MediaProviderGoogle.apk
/apex/com.android.cellbroadcast/priv-app/GoogleCellBroadcastApp/GoogleCellBroadcastApp.apk
/apex/com.android.cellbroadcast/priv-app/GoogleCellBroadcastServiceModule/GoogleCellBroadcastServiceModule.apk
/apex/com.android.mediaprovider@311313020/priv-app/MediaProviderGoogle/MediaProviderGoogle.apk
/apex/com.android.cellbroadcast@311312020/priv-app/GoogleCellBroadcastApp/GoogleCellBroadcastApp.apk
/apex/com.android.cellbroadcast@311312020/priv-app/GoogleCellBroadcastServiceModule/GoogleCellBroadcastServiceModule.apk
/apex/com.android.extservices/priv-app/GoogleExtServices/GoogleExtServices.apk
/apex/com.android.permission/priv-app/GooglePermissionController/GooglePermissionController.apk
/apex/com.android.extservices@311313000/priv-app/GoogleExtServices/GoogleExtServices.apk
/apex/com.android.apex.cts.shim/priv-app/CtsShimPriv/CtsShimPriv.apk
/apex/com.android.apex.cts.shim/app/CtsShim/CtsShim.apk
/apex/com.android.permission@311311000/priv-app/GooglePermissionController/GooglePermissionController.apk
/apex/com.android.apex.cts.shim@1/priv-app/CtsShimPriv/CtsShimPriv.apk
/apex/com.android.apex.cts.shim@1/app/CtsShim/CtsShim.apk
/product/overlay/MiuiPOCOWallpaperOverlay.apk
/product/overlay/MiuiGlobalLockscreenOverlay.apk
/product/overlay/GooglePermissionControllerFrameworkOverlay.apk
/product/overlay/MiuiDefaultWallpaperOverlay.apk
/product/overlay/CarrierConfigResCommon.apk
/product/overlay/MiuiBiometricResOverlay.apk
/product/overlay/CellBroadcastReceiverResCommon.apk
/product/overlay/GoogleExtServicesConfigOverlay.apk
/product/overlay/MiuiCustomizeLockscreenOverlay.apk
/product/overlay/SystemUIResCommon.apk
/product/overlay/NavigationBarModeGesturalWideBack/NavigationBarModeGesturalOverlayWideBack.apk
/product/overlay/MiuiPOCOLockscreenOverlay.apk
/product/overlay/FrameworksResCommonQva.apk
/product/overlay/GooglePermissionControllerOverlay.apk
/product/overlay/TelephonyResCommon.apk
/product/overlay/VodafoneCotaResOverlay.apk
/product/overlay/MiuiGlobalWallpaperOverlay.apk
/product/overlay/FrameworksResCommon.apk
/product/overlay/ModuleMetadataGoogleOverlay.apk
/product/overlay/Gliobal_Config.apk
/product/overlay/MIUIEditorOverlay.apk
/product/overlay/DisplayCutoutEmulationCorner/DisplayCutoutEmulationCornerOverlay.apk
/product/overlay/MIUIServicesOverlay.apk
/product/overlay/FontNotoSerifSource/FontNotoSerifSourceOverlay.apk
/product/overlay/DevicesOverlay.apk
/product/overlay/GmsConfigOverlayGSA.apk
/product/overlay/GmsConfigOverlayGeotz.apk
/product/overlay/MiuiSettingsResOverlay.apk
/product/overlay/TelecommResCommon.apk
/product/overlay/NetworkStackOverlay.apk
/product/overlay/GoogleDocumentsUIOverlay.apk
/product/overlay/NavigationBarModeGesturalNarrowBack/NavigationBarModeGesturalOverlayNarrowBack.apk
/product/overlay/NavigationBarModeGestural/NavigationBarModeGesturalOverlay.apk
/product/overlay/GmsTelecommOverlay.apk
/product/overlay/MiuiSystemUIResOverlay.apk
/product/overlay/NavigationBarModeGesturalExtraWideBack/NavigationBarModeGesturalOverlayExtraWideBack.apk
/product/overlay/MiuiCellBroadcastReceiverOverlay.apk
/product/overlay/SettingsResCommon.apk
/product/overlay/DisplayCutoutEmulationTall/DisplayCutoutEmulationTallOverlay.apk
/product/overlay/ElderlyNavigationBarOverlay.apk
/product/overlay/DisplayCutoutEmulationHole/DisplayCutoutEmulationHoleOverlay.apk
/product/overlay/GmsTelephonyOverlay.apk
/product/overlay/GmsConfigOverlayComms.apk
/product/overlay/NavigationBarMode3Button/NavigationBarMode3ButtonOverlay.apk
/product/overlay/MiuiFrameworkResOverlay.apk
/product/overlay/DisplayCutoutEmulationWaterfall/DisplayCutoutEmulationWaterfallOverlay.apk
/product/overlay/AospWifiResOverlay.apk
/product/overlay/OneHandedModeGestural/OneHandedModeGesturalOverlay.apk
/product/overlay/MiuiDefaultLockscreenOverlay.apk
/product/overlay/DisplayCutoutEmulationDouble/DisplayCutoutEmulationDoubleOverlay.apk
/product/overlay/WifiResCommon.apk
/product/overlay/GmsConfigOverlayCommon.apk
/product/overlay/MiuiCustomizeWallpaperOverlay.apk
/product/overlay/AospFrameworkResOverlay.apk
/product/overlay/GestureLineOverlay.apk
/product/overlay/MiuiCellBroadcastServiceOverlay.apk
/product/overlay/MccMncOverlay.apk
/product/overlay/DevicesAndroidOverlay.apk
/product/data-app/wps_lite/wps_lite.apk
/product/priv-app/Wellbeing/Wellbeing.apk
/product/priv-app/CarrierServices/CarrierServices.apk
/product/priv-app/HotwordEnrollmentXGoogleHEXAGON/HotwordEnrollmentXGoogleHEXAGON.apk
/product/priv-app/SettingsIntelligence/SettingsIntelligence.apk
/product/priv-app/GoogleOneTimeInitializer/GoogleOneTimeInitializer.apk
/product/priv-app/Phonesky/Phonesky.apk
/product/priv-app/GooglePartnerSetup/GooglePartnerSetup.apk
/product/priv-app/HotwordEnrollmentOKGoogleHEXAGON/HotwordEnrollmentOKGoogleHEXAGON.apk
/product/priv-app/Velvet/Velvet.apk
/product/priv-app/GmsCore/GmsCore.apk
/product/priv-app/GmsCore/m/independent/AndroidPlatformServices.apk
/product/priv-app/GoogleDialer/GoogleDialer.apk
/product/priv-app/Turbo/Turbo.apk
/product/priv-app/ConfigUpdater/ConfigUpdater.apk
/product/priv-app/AndroidAutoStub/AndroidAutoStub.apk
/product/priv-app/GoogleRestore/GoogleRestore.apk
/product/priv-app/GoogleAssistant/GoogleAssistant.apk
/product/app/CalendarGoogle/CalendarGoogle.apk
/product/app/Messages/Messages.apk
/product/app/GoogleContactsSyncAdapter/GoogleContactsSyncAdapter.apk
/product/app/remoteSimLockAuthentication/remoteSimLockAuthentication.apk
/product/app/talkback/talkback.apk
/product/app/remotesimlockservice/remotesimlockservice.apk
/product/app/GooglePay/GooglePay.apk
/product/app/DeviceStatisticsService/DeviceStatisticsService.apk
/product/app/uimgbaservice/uimgbaservice.apk
/product/app/PowerOffAlarm/PowerOffAlarm.apk
/product/app/SpeechServicesByGoogle/SpeechServicesByGoogle.apk
/product/app/uimremoteclient/uimremoteclient.apk
/product/app/Maps/Maps.apk
/product/app/com.google.mainline.telemetry/com.google.mainline.telemetry.apk
/product/app/Gmail2/Gmail2.apk
/product/app/TrichromeLibrary/TrichromeLibrary.apk
/product/app/GoogleOne/GoogleOne.apk
/product/app/WebViewGoogle/WebViewGoogle.apk
/product/app/Chrome/Chrome.apk
/product/app/uimremoteserver/uimremoteserver.apk
/product/app/MiuiTelecomOverlay/MiuiTelecomOverlay.apk
/product/app/PhotoTable/PhotoTable.apk
/product/app/LatinImeGoogle/LatinImeGoogle.apk
/product/app/RideModeAudio/RideModeAudio.apk
/product/app/GoogleLocationHistory/GoogleLocationHistory.apk
/product/app/com.google.android.modulemetadata/com.google.android.modulemetadata.apk
/product/app/xdivert/xdivert.apk
/product/app/YouTube/YouTube.apk
/product/app/uimlpaservice/uimlpaservice.apk
/product/app/GoogleContacts/GoogleContacts.apk
/system/priv-app/DownloadProvider/DownloadProvider.apk
/system/priv-app/FindDevice/FindDevice.apk
/system/priv-app/RtMiCloudSDK/RtMiCloudSDK.apk
/system/priv-app/MIService/MIService.apk
/system/priv-app/MIUIYellowPageGlobal/MIUIYellowPageGlobal.apk
/system/priv-app/facebook-services/facebook-services.apk
/system/priv-app/SharedStorageBackup/SharedStorageBackup.apk
/system/priv-app/NetworkPermissionConfigGoogle/NetworkPermissionConfigGoogle.apk
/system/priv-app/NetworkPermissionConfigGoogle/NetworkPermissionConfigGoogle-xxhdpi.apk
/system/priv-app/MtpService/MtpService.apk
/system/priv-app/MIUIAod/MIUIAod.apk
/system/priv-app/SoundPicker/SoundPicker.apk
/system/priv-app/UserDictionaryProvider/UserDictionaryProvider.apk
/system/priv-app/ContactsProvider/ContactsProvider.apk
/system/priv-app/MIUISoundRecorderTargetSdk30Global/MIUISoundRecorderTargetSdk30Global.apk
/system/priv-app/ONS/ONS.apk
/system/priv-app/SettingsProvider/SettingsProvider.apk
/system/priv-app/MIShareGlobal/MIShareGlobal.apk
/system/priv-app/BlockedNumberProvider/BlockedNumberProvider.apk
/system/priv-app/ManagedProvisioning/ManagedProvisioning.apk
/system/priv-app/StatementService/StatementService.apk
/system/priv-app/MISettings/MISettings.apk
/system/priv-app/DocumentsUIGoogle/DocumentsUIGoogle.apk
/system/priv-app/DocumentsUIGoogle/DocumentsUIGoogle-xxhdpi.apk
/system/priv-app/MiuiExtraPhoto/MiuiExtraPhoto.apk
/system/priv-app/BuiltInPrintService/BuiltInPrintService.apk
/system/priv-app/MiAudioVisual_prebuild/MiAudioVisual_prebuild.apk
/system/priv-app/DynamicSystemInstallationService/DynamicSystemInstallationService.apk
/system/priv-app/MIUIGlobalMinusScreen/MIUIGlobalMinusScreen.apk
/system/priv-app/InputDevices/InputDevices.apk
/system/priv-app/MiuiFreeformService/MiuiFreeformService.apk
/system/priv-app/CellBroadcastLegacyApp/CellBroadcastLegacyApp.apk
/system/priv-app/MIUIWeatherGlobal/MIUIWeatherGlobal.apk
/system/priv-app/Provision/Provision.apk
/system/priv-app/VpnDialogs/VpnDialogs.apk
/system/priv-app/CalendarProvider/CalendarProvider.apk
/system/priv-app/MmsService/MmsService.apk
/system/priv-app/CallLogBackup/CallLogBackup.apk
/system/priv-app/AuthManager/AuthManager.apk
/system/priv-app/MiuiCamera/MiuiCamera.apk
/system/priv-app/FusedLocation/FusedLocation.apk
/system/priv-app/TeleService/TeleService.apk
/system/priv-app/Traceur/Traceur.apk
/system/priv-app/TelephonyProvider/TelephonyProvider.apk
/system/priv-app/Backup/Backup.apk
/system/priv-app/CleanMaster/CleanMaster.apk
/system/priv-app/LocalTransport/LocalTransport.apk
/system/priv-app/BackupRestoreConfirmation/BackupRestoreConfirmation.apk
/system/priv-app/MusicFX/MusicFX.apk
/system/priv-app/ExternalStorageProvider/ExternalStorageProvider.apk
/system/priv-app/NetworkStackGoogle/NetworkStackGoogle-xxhdpi.apk
/system/priv-app/NetworkStackGoogle/NetworkStackGoogle-arm64_v8a.apk
/system/priv-app/NetworkStackGoogle/NetworkStackGoogle.apk
/system/priv-app/ProxyHandler/ProxyHandler.apk
/system/priv-app/facebook-installer/facebook-installer.apk
/system/priv-app/MIUIGalleryGlobalExplore/MIUIGalleryGlobalExplore.apk
/system/priv-app/DownloadProviderUi/DownloadProviderUi.apk
/system/priv-app/MediaProviderLegacy/MediaProviderLegacy.apk
/system/priv-app/CloudBackup/CloudBackup.apk
/system/priv-app/SecurityCenter/SecurityCenter.apk
/system/priv-app/MIUIMusicGlobal/MIUIMusicGlobal.apk
/system/priv-app/Telecom/Telecom.apk
/system/priv-app/Shell/Shell.apk
/system/priv-app/MiLauncherGlobal/MiLauncherGlobal.apk
/system/priv-app/CloudServiceSysbase/CloudServiceSysbase.apk
/system/priv-app/GooglePackageInstaller/GooglePackageInstaller.apk
/system/framework/framework-ext-res/framework-ext-res.apk
/system/framework/framework-res.apk
/system/data-app/XMRemoteController/XMRemoteController.apk
/system/data-app/MIMediaEditorGlobal/MIMediaEditorGlobal.apk
/system/data-app/MIBrowserGlobal/MIBrowserGlobal.apk
/system/data-app/MIGalleryLockScreenGlobal/MIGalleryLockScreenGlobal.apk
/system/app/MiCloudSync/MiCloudSync.apk
/system/app/MiuiDaemon/MiuiDaemon.apk
/system/app/SecurityCoreAdd/SecurityCoreAdd.apk
/system/app/CaptivePortalLoginGoogle/CaptivePortalLoginGoogle.apk
/system/app/CaptivePortalLoginGoogle/CaptivePortalLoginGoogle-xxhdpi.apk
/system/app/CarrierDefaultApp/CarrierDefaultApp.apk
/system/app/MSA-Global/MSA-Global.apk
/system/app/MIUITouchAssistantGlobal/MIUITouchAssistantGlobal.apk
/system/app/XMSFKeeperAll/XMSFKeeperAll.apk
/system/app/facebook-appmanager/facebook-appmanager.apk
/system/app/MiuiBluetooth/MiuiBluetooth.apk
/system/app/MIUICompassGlobal/MIUICompassGlobal.apk
/system/app/MIUIWallpaper_SnowMountain/MIUIWallpaper_SnowMountain.apk
/system/app/AnalyticsCore/AnalyticsCore.apk
/system/app/miuisystem/miuisystem.apk
/system/app/MiuixEditor_global/MiuixEditor_global.apk
/system/app/FidoClient/FidoClient.apk
/system/app/PaymentService/PaymentService.apk
/system/app/MIUIFrequentPhrase/MIUIFrequentPhrase.apk
/system/app/CloudService/CloudService.apk
/system/app/WMService/WMService.apk
/system/app/MiuiBugReport/MiuiBugReport.apk
/system/app/GooglePrintRecommendationService/GooglePrintRecommendationService.apk
/system/app/PacProcessor/PacProcessor.apk
/system/app/MiuiAudioMonitor/MiuiAudioMonitor.apk
/system/app/MiSound/MiSound.apk
/system/app/BluetoothMidiService/BluetoothMidiService.apk
/system/app/Cit/Cit.apk
/system/app/CatchLog/CatchLog.apk
/system/app/FidoAuthen/FidoAuthen.apk
/system/app/NQNfcNci/NQNfcNci.apk
/system/app/MIUIGlobalLayout/MIUIGlobalLayout.apk
/system/app/WallpaperBackup/WallpaperBackup.apk
/system/app/HTMLViewer/HTMLViewer.apk
/system/app/ModemTestBox/ModemTestBox.apk
/system/app/NotificationCenter/NotificationCenter.apk
/system/app/InMipay/InMipay.apk
/system/app/MIUIVideoPlayer/MIUIVideoPlayer.apk
/system/app/HybridAccessory/HybridAccessory.apk
/system/app/PowerChecker/PowerChecker.apk
/system/app/Joyose/Joyose.apk
/system/app/XiaomiModemDebugService/XiaomiModemDebugService.apk
/system/app/MIUIScreenshot/MIUIScreenshot.apk
/system/app/PartnerBookmarksProvider/PartnerBookmarksProvider.apk
/system/app/SimAppDialog/SimAppDialog.apk
/system/app/XiaomiAccount/XiaomiAccount.apk
/system/app/MIUIDeskClockGlobalS/MIUIDeskClockGlobalS.apk
/system/app/MIUISystemUIPlugin/MIUISystemUIPlugin.apk
/system/app/Updater/Updater.apk
/system/app/MediaFeature/MediaFeature.apk
/system/app/XiaomiSimActivateService/XiaomiSimActivateService.apk
/system/app/LiveWallpapersPicker/LiveWallpapersPicker.apk
/system/app/MIUIScreenRecorderGlobal/MIUIScreenRecorderGlobal.apk
/system/app/MIUIFileExplorerGlobal/MIUIFileExplorerGlobal.apk
/system/app/slaservice/slaservice.apk
/system/app/CameraExtensionsProxy/CameraExtensionsProxy.apk
/system/app/CompanionDeviceManager/CompanionDeviceManager.apk
/system/app/GoogleExtShared/GoogleExtShared.apk
/system/app/MIDrop/MIDrop.apk
/system/app/PowerKeeper/PowerKeeper.apk
/system/app/MIUINotes/MIUINotes.apk
/system/app/MIUICalculatorGlobal/MIUICalculatorGlobal.apk
/system/app/MIUIHealthGlobal/MIUIHealthGlobal.apk
/system/app/MIUIThemeManagerGlobal/MIUIThemeManagerGlobal.apk
/system/app/PlayAutoInstallStubApp/PlayAutoInstallStubApp.apk
/system/app/miui/miui.apk
/system/app/HybridPlatform/HybridPlatform.apk
/system/app/MiuiSecurityAddGlobal/MiuiSecurityAddGlobal.apk
/system/app/MIUIGuardProviderGlobal/MIUIGuardProviderGlobal.apk
/system/app/Bluetooth/Bluetooth.apk
/system/app/KeyChain/KeyChain.apk
/system/app/MiuiPrintSpoolerBeta/MiuiPrintSpoolerBeta.apk
/system/app/BasicDreams/BasicDreams.apk
/system/app/XiaomiServiceFrameworkGlobal/XiaomiServiceFrameworkGlobal.apk
/system/app/MiuiBiometric/MiuiBiometric.apk
/system/app/CertInstaller/CertInstaller.apk
/system/app/BookmarkProvider/BookmarkProvider.apk
/system/app/Stk/Stk.apk
/system/app/miuix/miuix.apk
/system/app/MIUIMiPicks/MIUIMiPicks.apk
/system/app/MIUISystemAppUpdater/MIUISystemAppUpdater.apk
/system/app/MIUIGlobalPackageInstaller/MIUIGlobalPackageInstaller.apk
/system/app/MiLinkGlobal/MiLinkGlobal.apk
/system/app/MiuiScanner/MiuiScanner.apk
/system/app/EasterEgg/EasterEgg.apk
/system/app/AutoRegistration/AutoRegistration.apk
/system/app/Emapal/Emapal.apk
/system/app/SecureElement/SecureElement.apk
/system/app/CameraTools/CameraTools.apk
/system/app/Netflix_activation/Netflix_activation.apk
/system/app/MiConnectService171/MiConnectService171.apk
/system_ext/priv-app/qcrilmsgtunnel/qcrilmsgtunnel.apk
/system_ext/priv-app/ims/ims.apk
/system_ext/priv-app/GoogleServicesFramework/GoogleServicesFramework.apk
/system_ext/priv-app/Settings/Settings.apk
/system_ext/priv-app/dpmserviceapp/dpmserviceapp.apk
/system_ext/priv-app/WallpaperCropper/WallpaperCropper.apk
/system_ext/priv-app/GoogleFeedback/GoogleFeedback.apk
/system_ext/priv-app/EmergencyInfo/EmergencyInfo.apk
/system_ext/priv-app/SetupWizard/SetupWizard.apk
/system_ext/priv-app/WfdService/WfdService.apk
/system_ext/priv-app/CarrierConfig/CarrierConfig.apk
/system_ext/priv-app/QAS_DVC_MSP/QAS_DVC_MSP.apk
/system_ext/priv-app/xrcbservice/xrcbservice.apk
/system_ext/priv-app/Polaris/Polaris.apk
/system_ext/priv-app/MiuiSystemUI/MiuiSystemUI.apk
/system_ext/priv-app/StorageManager/StorageManager.apk
/system_ext/priv-app/beyondGnssService/beyondGnssService.apk
/system_ext/app/QtiTelephony/QtiTelephony.apk
/system_ext/app/WAPPushManager/WAPPushManager.apk
/system_ext/app/DeviceInfo/DeviceInfo.apk
/system_ext/app/datastatusnotification/datastatusnotification.apk
/system_ext/app/workloadclassifier/workloadclassifier.apk
/system_ext/app/QdcmFF/QdcmFF.apk
/system_ext/app/embms/embms.apk
/system_ext/app/QtiTelephonyService/QtiTelephonyService.apk
/system_ext/app/DynamicDDSService/DynamicDDSService.apk
/system_ext/app/atfwd/atfwd.apk
/system_ext/app/ImsRcsService/ImsRcsService.apk
/system_ext/app/QTIDiagServices/QTIDiagServices.apk
/vendor/app/IWlanService/IWlanService.apk
/vendor/app/TimeService/TimeService.apk
/vendor/app/GFDelmarSetting/GFDelmarSetting.apk
/vendor/app/IFAAService/IFAAService.apk
/vendor/app/CneApp/CneApp.apk
/vendor/app/com.qualcomm.qti.gpudrivers.kona.api30/com.qualcomm.qti.gpudrivers.kona.api30.apk
/vendor/app/CACertService/CACertService.apk
/vendor/app/SoterService/SoterService.apk
/vendor/app/MipayService/MipayService.apk
/vendor/overlay/TetheringResOverlay.apk
/vendor/overlay/FrameworksResTarget.apk
/vendor/overlay/WifiResTarget.apk
/vendor/overlay/GoogleTetheringResOverlay.apk

Stock packages: 
/apex/com.android.apex.cts.shim/app/CtsShim/CtsShim.apk=com.android.cts.ctsshim
/apex/com.android.apex.cts.shim/priv-app/CtsShimPriv/CtsShimPriv.apk=com.android.cts.priv.ctsshim
/apex/com.android.cellbroadcast/priv-app/GoogleCellBroadcastApp/GoogleCellBroadcastApp.apk=com.google.android.cellbroadcastreceiver
/apex/com.android.cellbroadcast/priv-app/GoogleCellBroadcastServiceModule/GoogleCellBroadcastServiceModule.apk=com.google.android.cellbroadcastservice
/apex/com.android.extservices/priv-app/GoogleExtServices/GoogleExtServices.apk=com.google.android.ext.services
/apex/com.android.mediaprovider/priv-app/MediaProviderGoogle/MediaProviderGoogle.apk=com.google.android.providers.media.module
/apex/com.android.permission/priv-app/GooglePermissionController/GooglePermissionController.apk=com.google.android.permissioncontroller
/apex/com.android.tethering/priv-app/ServiceConnectivityResourcesGoogle/ServiceConnectivityResourcesGoogle.apk=com.google.android.connectivity.resources
/apex/com.android.tethering/priv-app/TetheringGoogle/TetheringGoogle.apk=com.google.android.networkstack.tethering
/apex/com.android.wifi/app/OsuLogin/OsuLogin.apk=com.android.hotspot2.osulogin
/apex/com.android.wifi/priv-app/ServiceWifiResources/ServiceWifiResources.apk=com.android.wifi.resources
/data/app/XMRemoteController/XMRemoteController.apk=com.duokan.phone.remotecontroller
/data/app/wps_lite/wps_lite.apk=cn.wps.xiaomi.abroad.lite
/data/app/~~-cW7V1lOA4QWjhbkH8LRQA==/com.google.android.tts-KGZOtsi-KTITuyMiti28bQ==/base.apk=com.google.android.tts
/data/app/~~4Qe2ufXDwUIqV1p9f5dIpw==/com.google.android.apps.podcasts-aJoSdSKM4DmCwogmr6c0fw==/base.apk=com.google.android.apps.podcasts
/data/app/~~5liF31E4YHbQbxvfNwA1Eg==/com.android.deskclock-b2KzwX48t3TstsWZ_ReviQ==/base.apk=com.android.deskclock
/data/app/~~7RsP6X5wh8Jf3F73C3NAuA==/com.miui.gallery-V9EhZRKaLhEwLS13qLhkuQ==/base.apk=com.miui.gallery
/data/app/~~8C4AZyql5HtQyPRNjslq_g==/com.google.android.apps.wellbeing--NVU4IdW6adwF3XtOkZ0bA==/base.apk=com.google.android.apps.wellbeing
/data/app/~~8IcNnJ3I-dVIdcWObCwnqw==/com.google.android.apps.tachyon-iWwOZpn2hM765u62sambWg==/base.apk=com.google.android.apps.tachyon
/data/app/~~9TFXo5isM9JF3Vdzdjcp-w==/rikka.safetynetchecker-7XyeDYz30zOkToEeeaCA3Q==/base.apk=rikka.safetynetchecker
/data/app/~~Ayl1BtUmlYc_BvGib_H1fg==/com.amazon.appmanager-wD_vnFeQPB9Rm9MQYpmsJA==/base.apk=com.amazon.appmanager
/data/app/~~BzaY5CvnRQapHo3q0A7wtQ==/com.google.android.apps.docs-2FC_KC7PlooZVZjoZI0Q2A==/base.apk=com.google.android.apps.docs
/data/app/~~CSPakO91Q8IVl2b8hgRnlw==/com.mi.android.globalFileexplorer-ms4_ekR8fq0fvqSeYo8MDQ==/base.apk=com.mi.android.globalFileexplorer
/data/app/~~GM023gBGgjkWdSdfY8o3PQ==/com.google.android.ims-ofegI-y_ZakiZRq82Fyzhw==/base.apk=com.google.android.ims
/data/app/~~H4S-JDEqGNkqJI90sQ31Yg==/com.google.android.marvin.talkback-4dwbIYU3vVhf6zNVlJmYjQ==/base.apk=com.google.android.marvin.talkback
/data/app/~~HObrDomM91kdEudirnJ_jQ==/com.google.android.apps.messaging-Yh3qNma2nGU6-L1JiF6fUg==/base.apk=com.google.android.apps.messaging
/data/app/~~IPSl7H5g3OH1cnaWyqgkug==/com.miui.cleaner-NFBHo9xIheP-oVy7SgriYA==/base.apk=com.miui.cleaner
/data/app/~~IWjQoolKXfrZr44o2Zrq4w==/com.android.vending-GEgUz6bWOTa0B6_zlhJIgw==/base.apk=com.android.vending
/data/app/~~KGKWEIktv-S_jTkWoJoJPA==/com.xiaomi.xmsf-D__yST-Q_jbMTyQqESX-ng==/base.apk=com.xiaomi.xmsf
/data/app/~~M34Ep5-xUyo9SERDew5rsA==/com.google.android.apps.magazines-DQ6YaKUgPbR8rN8wwk3QCg==/base.apk=com.google.android.apps.magazines
/data/app/~~N-hAw5ue-miOZdVKS93TWQ==/com.miui.securitycenter-duVtt_kmxD5Zk300FnI78Q==/base.apk=com.miui.securitycenter
/data/app/~~NT_Tnr7B1GORiyDLBqonyQ==/com.google.android.apps.subscriptions.red-5sqKsHFZ2gjvnE3on-jEww==/base.apk=com.google.android.apps.subscriptions.red
/data/app/~~OdBVlJYaJ1P0vYjTnf3zog==/com.xiaomi.midrop-9FwNZRr1o4s-NVs1Vz_Vjg==/base.apk=com.xiaomi.midrop
/data/app/~~Syt92hjpr4vc15y8ekRZEw==/com.miui.securityadd-0z99KuOQ4-Fla6eUofYVow==/base.apk=com.miui.securityadd
/data/app/~~TT4FDX4N2vdO1sVWMcVUfA==/com.xiaomi.account-tlkp16-ET5JvP62zQ03rzA==/base.apk=com.xiaomi.account
/data/app/~~U2oIdHgOElPrsA340cwGpw==/com.google.android.contacts-SK-nTGv3OOWAIzmImBqvgw==/base.apk=com.google.android.contacts
/data/app/~~W_su5Gprlat9yeWE_V-6aQ==/com.miui.player-e7MDr8Vhb7IFkGDK6omgow==/base.apk=com.miui.player
/data/app/~~WrPE6HT3leGF8sd8PEssjQ==/com.miui.cloudservice-T7R56r4rdxXPTlnzi5dizg==/base.apk=com.miui.cloudservice
/data/app/~~WsdzR4vkqK22PVVPQxBKpQ==/android.autoinstalls.config.Xiaomi.qssi-dgkDEBEob6ygrloiO4tvwQ==/base.apk=android.autoinstalls.config.Xiaomi.qssi
/data/app/~~YWmmI5BISLPy4z3-LwPPbw==/com.google.android.apps.youtube.music-4wFwEp8V5LzIs8nyFVpQow==/base.apk=com.google.android.apps.youtube.music
/data/app/~~ZU1Ut-BzEJC9Of-7Ql2Gqw==/com.android.providers.downloads.ui-Ci3jKF1fuP_SxKBL0s31Iw==/base.apk=com.android.providers.downloads.ui
/data/app/~~ZgsMmxTRNPi12BzF7EcjcA==/com.miui.analytics-0ksepN_vci_dFLMHxiERXw==/base.apk=com.miui.analytics
/data/app/~~bElzF0y8Jfxz9vmRxiVKow==/nextapp.fx-x67WjWdD64StDFdV8pZXTA==/base.apk=nextapp.fx
/data/app/~~cTeUjsgbym0BO8P5dlRe3Q==/com.google.android.inputmethod.latin-os5x6EVACOs82mm4cK1WfA==/base.apk=com.google.android.inputmethod.latin
/data/app/~~d6qOXoIvPN9RcLKpSwuSfA==/com.google.android.videos-sUzW0oXRKZ3nCUveRs73Og==/base.apk=com.google.android.videos
/data/app/~~dgM7XshUFIH009lo4jcr4g==/com.miui.notes-A4x1JJsECiVCIvXU2bgctw==/base.apk=com.miui.notes
/data/app/~~edYXS4U3mLPNlxlLGkmMwQ==/com.miui.android.fashiongallery-h3n1J8BIZfWfdjoJuoNz1A==/base.apk=com.miui.android.fashiongallery
/data/app/~~fEXfxbK0BKTxz4WnJ6XDtQ==/com.google.android.apps.maps-U4lb1Bkkj9woO-mC7e0wnA==/base.apk=com.google.android.apps.maps
/data/app/~~gdeMdwcY_8GdL-Ec5mzIwA==/com.google.android.gms-TNThQSDNX08x8CWLqmeg7w==/base.apk=com.google.android.gms
/data/app/~~gxQmZ0u79LBkT1yFCUiP7g==/com.mi.android.globallauncher-q8xstQfmZJOm16b2olDnfQ==/base.apk=com.mi.android.globallauncher
/data/app/~~kTBO6QeCcsGgDt2vPOAXHw==/com.google.android.apps.googleassistant-q8nyFOa-z6W4v1IEh3MR_g==/base.apk=com.google.android.apps.googleassistant
/data/app/~~loQ8mxj6dZoN96y3uwKruw==/com.miui.mediaeditor-XWFNYCJ0laUlk2uIXCzqnw==/base.apk=com.miui.mediaeditor
/data/app/~~nfnhjD9egIbsXTxIN7SN9Q==/com.milink.service-qJAm30TAYeENk9_Z4FGmUg==/base.apk=com.milink.service
/data/app/~~pKd7xh6vf9KDrq6_voJnFQ==/h.pyxrax-4wJ-CtDAoqWLwDocPUPAWA==/base.apk=h.pyxrax
/data/app/~~pr0Ek9K_llvYwOjle5WzGA==/com.google.android.apps.walletnfcrel-s6hnMvSp_G-mLpeC4QoNMA==/base.apk=com.google.android.apps.walletnfcrel
/data/app/~~qaRN8lor2rp9E88uh2Emuw==/com.miui.weather2-lHaXSFV6kj8_C59PlYnSXQ==/base.apk=com.miui.weather2
/data/app/~~rERY5WpD8Mb1aeGNMFSRrw==/com.google.android.dialer-cCytAnnGJhJbE-afC4Uiww==/base.apk=com.google.android.dialer
/data/app/~~sHzcjJ0LP1Kbpd8RC7Xjig==/com.google.android.apps.photos-IqnXcTrkKCQNVodwd0nMVg==/base.apk=com.google.android.apps.photos
/data/app/~~t8GFST8SSe0RMvXHoqczLg==/com.xiaomi.discover-dZ99w9yP2DDyYl_EeeLaVA==/base.apk=com.xiaomi.discover
/data/app/~~wIyjzIkzYptSlbi_Yc3vAQ==/com.google.android.calendar-KV36uPVS0Dv03V3dF3xpiQ==/base.apk=com.google.android.calendar
/data/app/~~wRudUf41bY8QCJglGNMzMQ==/com.android.thememanager-03a8Ra7GAHFbBbcZZ9ErvQ==/base.apk=com.android.thememanager
/data/app/~~x3BdnQgvYxCUnimofZuINg==/com.google.android.apps.restore-DnQgJYXZW-YphoQUN7rQUQ==/base.apk=com.google.android.apps.restore
/data/app/~~xkSfXsseUPKxhQ15fuN73A==/com.mi.android.globalminusscreen-X5wxXzmE2GyL51aw0yEqJg==/base.apk=com.mi.android.globalminusscreen
/data/app/~~yeEWMYfrJseyqaFJmSlD2Q==/com.miui.miservice-9v7raue5kst9cjHTJ5j2Gg==/base.apk=com.miui.miservice
/data/app/~~zO9ZDUHzhHlRPs07Kv8e7g==/com.android.soundrecorder-wzhAxktrpFC9ch5CDUVt1A==/base.apk=com.android.soundrecorder
/product/app/Chrome/Chrome.apk=com.android.chrome
/product/app/DeviceStatisticsService/DeviceStatisticsService.apk=com.qualcomm.qti.devicestatisticsservice
/product/app/Gmail2/Gmail2.apk=com.google.android.gm
/product/app/GoogleContactsSyncAdapter/GoogleContactsSyncAdapter.apk=com.google.android.syncadapters.contacts
/product/app/GoogleLocationHistory/GoogleLocationHistory.apk=com.google.android.gms.location.history
/product/app/MiuiTelecomOverlay/MiuiTelecomOverlay.apk=com.android.server.telecom.overlay.miui
/product/app/PhotoTable/PhotoTable.apk=com.android.dreams.phototable
/product/app/PowerOffAlarm/PowerOffAlarm.apk=com.qualcomm.qti.poweroffalarm
/product/app/RideModeAudio/RideModeAudio.apk=com.qualcomm.qti.ridemodeaudio
/product/app/WebViewGoogle/WebViewGoogle.apk=com.google.android.webview
/product/app/YouTube/YouTube.apk=com.google.android.youtube
/product/app/com.google.android.modulemetadata/com.google.android.modulemetadata.apk=com.google.android.modulemetadata
/product/app/com.google.mainline.telemetry/com.google.mainline.telemetry.apk=com.google.mainline.telemetry
/product/app/remoteSimLockAuthentication/remoteSimLockAuthentication.apk=com.qualcomm.qti.remoteSimlockAuth
/product/app/remotesimlockservice/remotesimlockservice.apk=com.qualcomm.qti.uim
/product/app/uimgbaservice/uimgbaservice.apk=com.qualcomm.qti.uimGbaApp
/product/app/uimlpaservice/uimlpaservice.apk=com.qualcomm.qti.lpa
/product/app/uimremoteclient/uimremoteclient.apk=com.qualcomm.uimremoteclient
/product/app/uimremoteserver/uimremoteserver.apk=com.qualcomm.uimremoteserver
/product/app/xdivert/xdivert.apk=com.qti.xdivert
/product/overlay/AospFrameworkResOverlay.apk=android.aosp.overlay
/product/overlay/AospWifiResOverlay.apk=com.android.wifi.resources.xiaomi
/product/overlay/CarrierConfigResCommon.apk=com.android.carrierconfig.overlay.common
/product/overlay/CellBroadcastReceiverResCommon.apk=com.android.cellbroadcastreceiver.overlay.common
/product/overlay/DevicesAndroidOverlay.apk=com.miui.systemui.overlay.devices.android
/product/overlay/DevicesOverlay.apk=com.miui.systemui.devices.overlay
/product/overlay/DisplayCutoutEmulationCorner/DisplayCutoutEmulationCornerOverlay.apk=com.android.internal.display.cutout.emulation.corner
/product/overlay/DisplayCutoutEmulationDouble/DisplayCutoutEmulationDoubleOverlay.apk=com.android.internal.display.cutout.emulation.double
/product/overlay/DisplayCutoutEmulationHole/DisplayCutoutEmulationHoleOverlay.apk=com.android.internal.display.cutout.emulation.hole
/product/overlay/DisplayCutoutEmulationTall/DisplayCutoutEmulationTallOverlay.apk=com.android.internal.display.cutout.emulation.tall
/product/overlay/DisplayCutoutEmulationWaterfall/DisplayCutoutEmulationWaterfallOverlay.apk=com.android.internal.display.cutout.emulation.waterfall
/product/overlay/ElderlyNavigationBarOverlay.apk=com.android.systemui.navigation.bar.overlay
/product/overlay/FontNotoSerifSource/FontNotoSerifSourceOverlay.apk=com.android.theme.font.notoserifsource
/product/overlay/FrameworksResCommon.apk=android.overlay.common
/product/overlay/FrameworksResCommonQva.apk=android.qvaoverlay.common
/product/overlay/GestureLineOverlay.apk=com.android.systemui.gesture.line.overlay
/product/overlay/Gliobal_Config.apk=com.android.thememanager.gliobal_config.config.overlay
/product/overlay/GmsConfigOverlayCommon.apk=com.google.android.overlay.gmsconfig.common
/product/overlay/GmsConfigOverlayComms.apk=com.google.android.overlay.gmsconfig.comms
/product/overlay/GmsConfigOverlayGSA.apk=com.google.android.overlay.gmsconfig.gsa
/product/overlay/GmsConfigOverlayGeotz.apk=com.google.android.overlay.gmsconfig.geotz
/product/overlay/GmsTelecommOverlay.apk=com.android.overlay.gmstelecomm
/product/overlay/GmsTelephonyOverlay.apk=com.android.overlay.gmstelephony
/product/overlay/GoogleDocumentsUIOverlay.apk=com.google.android.overlay.modules.documentsui
/product/overlay/GoogleExtServicesConfigOverlay.apk=com.google.android.overlay.modules.ext.services
/product/overlay/GooglePermissionControllerFrameworkOverlay.apk=com.google.android.overlay.modules.permissioncontroller.forframework
/product/overlay/GooglePermissionControllerOverlay.apk=com.google.android.overlay.modules.permissioncontroller
/product/overlay/MIUIEditorOverlay.apk=com.miui.core.internal.editor.services
/product/overlay/MIUIServicesOverlay.apk=com.miui.core.internal.services
/product/overlay/MccMncOverlay.apk=com.miui.systemui.carriers.overlay
/product/overlay/MiuiBiometricResOverlay.apk=com.miui.face.overlay.miui
/product/overlay/MiuiCellBroadcastReceiverOverlay.apk=com.google.android.cellbroadcastreceiver.overlay.miui
/product/overlay/MiuiCellBroadcastServiceOverlay.apk=com.google.android.cellbroadcastservice.overlay.miui
/product/overlay/MiuiCustomizeLockscreenOverlay.apk=com.miui.miwallpaper.overlay.customize
/product/overlay/MiuiCustomizeWallpaperOverlay.apk=com.miui.wallpaper.overlay.customize
/product/overlay/MiuiFrameworkResOverlay.apk=android.miui.overlay
/product/overlay/MiuiGlobalLockscreenOverlay.apk=com.miui.miwallpaper.overlay
/product/overlay/MiuiPOCOWallpaperOverlay.apk=com.miui.wallpaper.overlay
/product/overlay/MiuiSettingsResOverlay.apk=com.android.settings.overlay.miui
/product/overlay/MiuiSystemUIResOverlay.apk=com.android.systemui.overlay.miui
/product/overlay/ModuleMetadataGoogleOverlay.apk=com.google.android.overlay.modules.modulemetadata.forframework
/product/overlay/NavigationBarMode3Button/NavigationBarMode3ButtonOverlay.apk=com.android.internal.systemui.navbar.threebutton
/product/overlay/NavigationBarModeGestural/NavigationBarModeGesturalOverlay.apk=com.android.internal.systemui.navbar.gestural
/product/overlay/NavigationBarModeGesturalExtraWideBack/NavigationBarModeGesturalOverlayExtraWideBack.apk=com.android.internal.systemui.navbar.gestural_extra_wide_back
/product/overlay/NavigationBarModeGesturalNarrowBack/NavigationBarModeGesturalOverlayNarrowBack.apk=com.android.internal.systemui.navbar.gestural_narrow_back
/product/overlay/NavigationBarModeGesturalWideBack/NavigationBarModeGesturalOverlayWideBack.apk=com.android.internal.systemui.navbar.gestural_wide_back
/product/overlay/NetworkStackOverlay.apk=com.android.networkstack.overlay
/product/overlay/OneHandedModeGestural/OneHandedModeGesturalOverlay.apk=com.android.internal.systemui.onehanded.gestural
/product/overlay/SettingsResCommon.apk=com.android.settings.overlay.common
/product/overlay/SystemUIResCommon.apk=com.android.systemui.overlay.common
/product/overlay/TelecommResCommon.apk=com.android.server.telecom.overlay.common
/product/overlay/TelephonyResCommon.apk=com.android.phone.overlay.common
/product/overlay/VodafoneCotaResOverlay.apk=com.miui.phone.carriers.overlay
/product/overlay/WifiResCommon.apk=com.android.wifi.resources.overlay.common
/product/priv-app/AndroidAutoStub/AndroidAutoStub.apk=com.google.android.projection.gearhead
/product/priv-app/ConfigUpdater/ConfigUpdater.apk=com.google.android.configupdater
/product/priv-app/GoogleOneTimeInitializer/GoogleOneTimeInitializer.apk=com.google.android.onetimeinitializer
/product/priv-app/GooglePartnerSetup/GooglePartnerSetup.apk=com.google.android.partnersetup
/product/priv-app/HotwordEnrollmentOKGoogleHEXAGON/HotwordEnrollmentOKGoogleHEXAGON.apk=com.android.hotwordenrollment.okgoogle
/product/priv-app/HotwordEnrollmentXGoogleHEXAGON/HotwordEnrollmentXGoogleHEXAGON.apk=com.android.hotwordenrollment.xgoogle
/product/priv-app/SettingsIntelligence/SettingsIntelligence.apk=com.android.settings.intelligence
/product/priv-app/Turbo/Turbo.apk=com.google.android.apps.turbo
/product/priv-app/Velvet/Velvet.apk=com.google.android.googlequicksearchbox
/system/app/BasicDreams/BasicDreams.apk=com.android.dreams.basic
/system/app/Bluetooth/Bluetooth.apk=com.android.bluetooth
/system/app/BluetoothMidiService/BluetoothMidiService.apk=com.android.bluetoothmidiservice
/system/app/BookmarkProvider/BookmarkProvider.apk=com.android.bookmarkprovider
/system/app/CameraExtensionsProxy/CameraExtensionsProxy.apk=com.android.cameraextensions
/system/app/CameraTools/CameraTools.apk=com.xiaomi.cameratools
/system/app/CaptivePortalLoginGoogle/CaptivePortalLoginGoogle.apk=com.google.android.captiveportallogin
/system/app/CarrierDefaultApp/CarrierDefaultApp.apk=com.android.carrierdefaultapp
/system/app/CatchLog/CatchLog.apk=com.bsp.catchlog
/system/app/CertInstaller/CertInstaller.apk=com.android.certinstaller
/system/app/Cit/Cit.apk=com.miui.cit
/system/app/CompanionDeviceManager/CompanionDeviceManager.apk=com.android.companiondevicemanager
/system/app/EasterEgg/EasterEgg.apk=com.android.egg
/system/app/Emapal/Emapal.apk=com.mi.emapal
/system/app/FidoAuthen/FidoAuthen.apk=com.fido.asm
/system/app/FidoClient/FidoClient.apk=com.fido.xiaomi.uafclient
/system/app/GoogleExtShared/GoogleExtShared.apk=com.google.android.ext.shared
/system/app/GooglePrintRecommendationService/GooglePrintRecommendationService.apk=com.google.android.printservice.recommendation
/system/app/HTMLViewer/HTMLViewer.apk=com.android.htmlviewer
/system/app/HybridAccessory/HybridAccessory.apk=com.miui.hybrid.accessory
/system/app/HybridPlatform/HybridPlatform.apk=com.miui.hybrid
/system/app/InMipay/InMipay.apk=com.mipay.wallet.in
/system/app/Joyose/Joyose.apk=com.xiaomi.joyose
/system/app/KeyChain/KeyChain.apk=com.android.keychain
/system/app/LiveWallpapersPicker/LiveWallpapersPicker.apk=com.android.wallpaper.livepicker
/system/app/MIUICalculatorGlobal/MIUICalculatorGlobal.apk=com.miui.calculator
/system/app/MIUICompassGlobal/MIUICompassGlobal.apk=com.miui.compass
/system/app/MIUIFrequentPhrase/MIUIFrequentPhrase.apk=com.miui.phrase
/system/app/MIUIGlobalLayout/MIUIGlobalLayout.apk=com.mi.globallayout
/system/app/MIUIGlobalPackageInstaller/MIUIGlobalPackageInstaller.apk=com.miui.global.packageinstaller
/system/app/MIUIGuardProviderGlobal/MIUIGuardProviderGlobal.apk=com.miui.guardprovider
/system/app/MIUIHealthGlobal/MIUIHealthGlobal.apk=com.mi.healthglobal
/system/app/MIUIMiPicks/MIUIMiPicks.apk=com.xiaomi.mipicks
/system/app/MIUIScreenRecorderGlobal/MIUIScreenRecorderGlobal.apk=com.miui.screenrecorder
/system/app/MIUIScreenshot/MIUIScreenshot.apk=com.miui.screenshot
/system/app/MIUISystemUIPlugin/MIUISystemUIPlugin.apk=miui.systemui.plugin
/system/app/MIUITouchAssistantGlobal/MIUITouchAssistantGlobal.apk=com.miui.touchassistant
/system/app/MIUIVideoPlayer/MIUIVideoPlayer.apk=com.miui.videoplayer
/system/app/MIUIWallpaper_SnowMountain/MIUIWallpaper_SnowMountain.apk=com.miui.miwallpaper
/system/app/MSA-Global/MSA-Global.apk=com.miui.msa.global
/system/app/MediaFeature/MediaFeature.apk=com.miui.mediafeature
/system/app/MiCloudSync/MiCloudSync.apk=com.miui.micloudsync
/system/app/MiConnectService171/MiConnectService171.apk=com.xiaomi.mi_connect_service
/system/app/MiSound/MiSound.apk=com.miui.misound
/system/app/MiuiAudioMonitor/MiuiAudioMonitor.apk=com.miui.audiomonitor
/system/app/MiuiBiometric/MiuiBiometric.apk=com.miui.face
/system/app/MiuiBluetooth/MiuiBluetooth.apk=com.xiaomi.bluetooth
/system/app/MiuiBugReport/MiuiBugReport.apk=com.miui.bugreport
/system/app/MiuiDaemon/MiuiDaemon.apk=com.miui.daemon
/system/app/MiuiPrintSpoolerBeta/MiuiPrintSpoolerBeta.apk=com.android.printspooler
/system/app/MiuiScanner/MiuiScanner.apk=com.xiaomi.scanner
/system/app/MiuixEditor_global/MiuixEditor_global.apk=com.miuix.editor
/system/app/ModemTestBox/ModemTestBox.apk=com.xiaomi.mtb
/system/app/NQNfcNci/NQNfcNci.apk=com.android.nfc
/system/app/Netflix_activation/Netflix_activation.apk=com.netflix.partner.activation
/system/app/NotificationCenter/NotificationCenter.apk=com.miui.notification
/system/app/PacProcessor/PacProcessor.apk=com.android.pacprocessor
/system/app/PartnerBookmarksProvider/PartnerBookmarksProvider.apk=com.android.providers.partnerbookmarks
/system/app/PaymentService/PaymentService.apk=com.xiaomi.payment
/system/app/PowerChecker/PowerChecker.apk=com.xiaomi.powerchecker
/system/app/PowerKeeper/PowerKeeper.apk=com.miui.powerkeeper
/system/app/SecureElement/SecureElement.apk=com.android.se
/system/app/SecurityCoreAdd/SecurityCoreAdd.apk=com.miui.securitycore
/system/app/SimAppDialog/SimAppDialog.apk=com.android.simappdialog
/system/app/Stk/Stk.apk=com.android.stk
/system/app/Updater/Updater.apk=com.android.updater
/system/app/WMService/WMService.apk=com.miui.wmsvc
/system/app/WallpaperBackup/WallpaperBackup.apk=com.android.wallpaperbackup
/system/app/XMSFKeeperAll/XMSFKeeperAll.apk=com.xiaomi.xmsfkeeper
/system/app/XiaomiModemDebugService/XiaomiModemDebugService.apk=com.modemdebug
/system/app/XiaomiSimActivateService/XiaomiSimActivateService.apk=com.xiaomi.simactivate.service
/system/app/facebook-appmanager/facebook-appmanager.apk=com.facebook.appmanager
/system/app/miui/miui.apk=com.miui.core
/system/app/miuisystem/miuisystem.apk=com.miui.system
/system/app/slaservice/slaservice.apk=com.qti.slaservice
/system/framework/framework-ext-res/framework-ext-res.apk=com.miui.rom
/system/framework/framework-res.apk=android
/system/priv-app/AuthManager/AuthManager.apk=com.lbe.security.miui
/system/priv-app/Backup/Backup.apk=com.miui.backup
/system/priv-app/BackupRestoreConfirmation/BackupRestoreConfirmation.apk=com.android.backupconfirm
/system/priv-app/BlockedNumberProvider/BlockedNumberProvider.apk=com.android.providers.blockednumber
/system/priv-app/BuiltInPrintService/BuiltInPrintService.apk=com.android.bips
/system/priv-app/CalendarProvider/CalendarProvider.apk=com.android.providers.calendar
/system/priv-app/CallLogBackup/CallLogBackup.apk=com.android.calllogbackup
/system/priv-app/CellBroadcastLegacyApp/CellBroadcastLegacyApp.apk=com.android.cellbroadcastreceiver
/system/priv-app/CloudBackup/CloudBackup.apk=com.miui.cloudbackup
/system/priv-app/CloudServiceSysbase/CloudServiceSysbase.apk=com.miui.cloudservice.sysbase
/system/priv-app/ContactsProvider/ContactsProvider.apk=com.android.providers.contacts
/system/priv-app/DocumentsUIGoogle/DocumentsUIGoogle.apk=com.google.android.documentsui
/system/priv-app/DownloadProvider/DownloadProvider.apk=com.android.providers.downloads
/system/priv-app/DynamicSystemInstallationService/DynamicSystemInstallationService.apk=com.android.dynsystem
/system/priv-app/ExternalStorageProvider/ExternalStorageProvider.apk=com.android.externalstorage
/system/priv-app/FindDevice/FindDevice.apk=com.xiaomi.finddevice
/system/priv-app/FusedLocation/FusedLocation.apk=com.android.location.fused
/system/priv-app/GooglePackageInstaller/GooglePackageInstaller.apk=com.google.android.packageinstaller
/system/priv-app/InputDevices/InputDevices.apk=com.android.inputdevices
/system/priv-app/LocalTransport/LocalTransport.apk=com.android.localtransport
/system/priv-app/MISettings/MISettings.apk=com.xiaomi.misettings
/system/priv-app/MIShareGlobal/MIShareGlobal.apk=com.miui.mishare.connectivity
/system/priv-app/MIUIAod/MIUIAod.apk=com.miui.aod
/system/priv-app/MIUIYellowPageGlobal/MIUIYellowPageGlobal.apk=com.miui.yellowpage
/system/priv-app/ManagedProvisioning/ManagedProvisioning.apk=com.android.managedprovisioning
/system/priv-app/MediaProviderLegacy/MediaProviderLegacy.apk=com.android.providers.media
/system/priv-app/MiAudioVisual_prebuild/MiAudioVisual_prebuild.apk=com.xiaomi.miaudiovisual
/system/priv-app/MiuiCamera/MiuiCamera.apk=com.android.camera
/system/priv-app/MiuiExtraPhoto/MiuiExtraPhoto.apk=com.miui.extraphoto
/system/priv-app/MiuiFreeformService/MiuiFreeformService.apk=com.miui.freeform
/system/priv-app/MmsService/MmsService.apk=com.android.mms.service
/system/priv-app/MtpService/MtpService.apk=com.android.mtp
/system/priv-app/MusicFX/MusicFX.apk=com.miui.audioeffect
/system/priv-app/NetworkPermissionConfigGoogle/NetworkPermissionConfigGoogle.apk=com.google.android.networkstack.permissionconfig
/system/priv-app/NetworkStackGoogle/NetworkStackGoogle.apk=com.google.android.networkstack
/system/priv-app/ONS/ONS.apk=com.android.ons
/system/priv-app/Provision/Provision.apk=com.android.provision
/system/priv-app/ProxyHandler/ProxyHandler.apk=com.android.proxyhandler
/system/priv-app/RtMiCloudSDK/RtMiCloudSDK.apk=com.xiaomi.micloud.sdk
/system/priv-app/SettingsProvider/SettingsProvider.apk=com.android.providers.settings
/system/priv-app/SharedStorageBackup/SharedStorageBackup.apk=com.android.sharedstoragebackup
/system/priv-app/Shell/Shell.apk=com.android.shell
/system/priv-app/SoundPicker/SoundPicker.apk=com.android.soundpicker
/system/priv-app/StatementService/StatementService.apk=com.android.statementservice
/system/priv-app/TeleService/TeleService.apk=com.android.phone
/system/priv-app/Telecom/Telecom.apk=com.android.server.telecom
/system/priv-app/TelephonyProvider/TelephonyProvider.apk=com.android.providers.telephony
/system/priv-app/Traceur/Traceur.apk=com.android.traceur
/system/priv-app/UserDictionaryProvider/UserDictionaryProvider.apk=com.android.providers.userdictionary
/system/priv-app/VpnDialogs/VpnDialogs.apk=com.android.vpndialogs
/system/priv-app/facebook-installer/facebook-installer.apk=com.facebook.system
/system/priv-app/facebook-services/facebook-services.apk=com.facebook.services
/system_ext/app/DeviceInfo/DeviceInfo.apk=com.qti.qualcomm.deviceinfo
/system_ext/app/DynamicDDSService/DynamicDDSService.apk=com.qualcomm.qti.dynamicddsservice
/system_ext/app/ImsRcsService/ImsRcsService.apk=vendor.qti.imsrcs
/system_ext/app/QTIDiagServices/QTIDiagServices.apk=com.qti.diagservices
/system_ext/app/QdcmFF/QdcmFF.apk=com.qti.snapdragon.qdcm_ff
/system_ext/app/QtiTelephony/QtiTelephony.apk=com.qti.phone
/system_ext/app/QtiTelephonyService/QtiTelephonyService.apk=com.qualcomm.qti.telephonyservice
/system_ext/app/WAPPushManager/WAPPushManager.apk=com.android.smspush
/system_ext/app/atfwd/atfwd.apk=com.qualcomm.atfwd
/system_ext/app/datastatusnotification/datastatusnotification.apk=com.qti.qualcomm.datastatusnotification
/system_ext/app/embms/embms.apk=com.qualcomm.embms
/system_ext/app/workloadclassifier/workloadclassifier.apk=com.qualcomm.qti.workloadclassifier
/system_ext/priv-app/CarrierConfig/CarrierConfig.apk=com.android.carrierconfig
/system_ext/priv-app/EmergencyInfo/EmergencyInfo.apk=com.android.emergency
/system_ext/priv-app/GoogleFeedback/GoogleFeedback.apk=com.google.android.feedback
/system_ext/priv-app/GoogleServicesFramework/GoogleServicesFramework.apk=com.google.android.gsf
/system_ext/priv-app/MiuiSystemUI/MiuiSystemUI.apk=com.android.systemui
/system_ext/priv-app/Polaris/Polaris.apk=com.xiaomi.gnss.polaris
/system_ext/priv-app/QAS_DVC_MSP/QAS_DVC_MSP.apk=com.qti.ltebc
/system_ext/priv-app/Settings/Settings.apk=com.android.settings
/system_ext/priv-app/SetupWizard/SetupWizard.apk=com.google.android.setupwizard
/system_ext/priv-app/StorageManager/StorageManager.apk=com.android.storagemanager
/system_ext/priv-app/WallpaperCropper/WallpaperCropper.apk=com.android.wallpapercropper
/system_ext/priv-app/WfdService/WfdService.apk=com.qualcomm.wfd.service
/system_ext/priv-app/beyondGnssService/beyondGnssService.apk=com.qualcomm.location
/system_ext/priv-app/dpmserviceapp/dpmserviceapp.apk=com.qti.dpmserviceapp
/system_ext/priv-app/ims/ims.apk=org.codeaurora.ims
/system_ext/priv-app/qcrilmsgtunnel/qcrilmsgtunnel.apk=com.qualcomm.qcrilmsgtunnel
/system_ext/priv-app/xrcbservice/xrcbservice.apk=com.qualcomm.qti.xrcb
/vendor/app/CACertService/CACertService.apk=vendor.qti.hardware.cacert.server
/vendor/app/CneApp/CneApp.apk=com.qualcomm.qti.cne
/vendor/app/GFDelmarSetting/GFDelmarSetting.apk=com.goodix.fingerprint.setting
/vendor/app/IFAAService/IFAAService.apk=org.ifaa.aidl.manager
/vendor/app/IWlanService/IWlanService.apk=vendor.qti.iwlan
/vendor/app/MipayService/MipayService.apk=org.mipay.android.manager
/vendor/app/SoterService/SoterService.apk=com.tencent.soter.soterserver
/vendor/app/TimeService/TimeService.apk=com.qualcomm.timeservice
/vendor/app/com.qualcomm.qti.gpudrivers.kona.api30/com.qualcomm.qti.gpudrivers.kona.api30.apk=com.qualcomm.qti.gpudrivers.kona.api30
/vendor/overlay/FrameworksResTarget.apk=android.overlay.target
/vendor/overlay/GoogleTetheringResOverlay.apk=com.google.android.networkstack.tethering.overlay
/vendor/overlay/TetheringResOverlay.apk=com.android.networkstack.tethering.inprocess.overlay
/vendor/overlay/WifiResTarget.apk=com.android.wifi.resources.overlay.target
