- Device platform: armeabi-v7a
- Installing: 0cf0d2b82-ip (26101)
- Copying image to cache
- Unpacking boot image
Parsing boot image: [/data/user_de/0/com.topjohnwu.magisk/install/boot.img]
HEADER_VER      [0]
KERNEL_SZ       [8511872]
RAMDISK_SZ      [1412199]
SECOND_SZ       [0]
EXTRA_SZ        [0]
OS_VERSION      [7.1.2]
OS_PATCH_LEVEL  [2021-06]
PAGESIZE        [2048]
NAME            []
CMDLINE         [console=ttyHSL0,115200,n8 androidboot.hardware=hammerhead user_debug=31 maxcpus=2 msm_watchdog_v2.enable=1 androidboot.bootdevice=msm_sdcc.1 buildvariant=userdebug]
CHECKSUM        [67a66f2315aa241a97f95fa0ed2c35a6249cc0d1000000000000000000000000]
KERNEL_DTB_SZ   [1405424]
ZIMAGE_KERNEL
KERNEL_FMT      [gzip]
RAMDISK_FMT     [gzip]
- Checking ramdisk status
Loading cpio: [ramdisk.cpio]
- Stock boot image detected
- Patching ramdisk
resetprop: getprop [ro.crypto.state]: [unencrypted]
preinit device: userdata
- Pre-init storage partition device ID: userdata
Loading cpio: [ramdisk.cpio]
Add entry [init] (0750)
Create directory [overlay.d] (0750)
Create directory [overlay.d/sbin] (0750)
Add entry [overlay.d/sbin/magisk32.xz] (0644)
Add entry [overlay.d/sbin/stub.xz] (0644)
Patch with flag KEEPVERITY=[false] KEEPFORCEENCRYPT=[false]
Found fstab file [fstab.hammerhead]
Loading cpio: [ramdisk.cpio.orig]
Backup mismatch entry: [init] -> [.backup/init]
Record new entry: [overlay.d] -> [.backup/.rmlist]
Record new entry: [overlay.d/sbin] -> [.backup/.rmlist]
Record new entry: [overlay.d/sbin/magisk32.xz] -> [.backup/.rmlist]
Record new entry: [overlay.d/sbin/stub.xz] -> [.backup/.rmlist]
Create directory [.backup] (0000)
Add entry [.backup/.magisk] (0000)
Dump cpio: [ramdisk.cpio]
Loading dtbs from [kernel_dtb]
Parsing boot image: [/data/user_de/0/com.topjohnwu.magisk/install/boot.img]
- Repacking boot image
HEADER_VER      [0]
KERNEL_SZ       [8511872]
RAMDISK_SZ      [1412199]
SECOND_SZ       [0]
EXTRA_SZ        [0]
OS_VERSION      [7.1.2]
OS_PATCH_LEVEL  [2021-06]
PAGESIZE        [2048]
NAME            []
CMDLINE         [console=ttyHSL0,115200,n8 androidboot.hardware=hammerhead user_debug=31 maxcpus=2 msm_watchdog_v2.enable=1 androidboot.bootdevice=msm_sdcc.1 buildvariant=userdebug]
CHECKSUM        [67a66f2315aa241a97f95fa0ed2c35a6249cc0d1000000000000000000000000]
KERNEL_DTB_SZ   [1405424]
ZIMAGE_KERNEL
KERNEL_FMT      [gzip]
RAMDISK_FMT     [gzip]
Repack to boot image: [new-boot.img]
HEADER_VER      [0]
KERNEL_SZ       [8511872]
RAMDISK_SZ      [1661985]
SECOND_SZ       [0]
EXTRA_SZ        [0]
OS_VERSION      [7.1.2]
OS_PATCH_LEVEL  [2021-06]
PAGESIZE        [2048]
NAME            []
CMDLINE         [console=ttyHSL0,115200,n8 androidboot.hardware=hammerhead user_debug=31 maxcpus=2 msm_watchdog_v2.enable=1 androidboot.bootdevice=msm_sdcc.1 buildvariant=userdebug]
CHECKSUM        [0d581bb37fcd936f57144587960e51c8b0261c8b000000000000000000000000]

cp: can't preserve ownership of 'busybox': Operation not permitted
****************************
 Output file is written to 
 /storage/emulated/0/Download/magisk_patched-26101_FwIjY.img 
****************************
cp: can't preserve ownership of 'magisk32': Operation not permitted
cp: can't preserve ownership of 'magiskboot': Operation not permitted
cp: can't preserve ownership of 'magiskinit': Operation not permitted
cp: can't preserve ownership of 'magiskpolicy': Operation not permitted
- All done!
